<?xml version="1.0" encoding="UTF-8"?>
<testsuite xmlns:xsi="http://www.w3.org/2001/XMLSchema-instance" xsi:noNamespaceSchemaLocation="https://maven.apache.org/surefire/maven-surefire-plugin/xsd/surefire-test-report-3.0.xsd" version="3.0" name="IngredientParameterizedTests" time="0.0" tests="6" errors="0" skipped="0" failures="0">
  <properties>
[...]
</properties>
  <testcase name="getTypeIngredientTest[0]" classname="IngredientParameterizedTests" time="0.0"/>
  <testcase name="getNameIngredientTest[0]" classname="IngredientParameterizedTests" time="0.0"/>
  <testcase name="getPriceIngredientTest[0]" classname="IngredientParameterizedTests" time="0.0"/>
  <testcase name="getTypeIngredientTest[1]" classname="IngredientParameterizedTests" time="0.0"/>
  <testcase name="getNameIngredientTest[1]" classname="IngredientParameterizedTests" time="0.0"/>
  <testcase name="getPriceIngredientTest[1]" classname="IngredientParameterizedTests" time="0.0"/>
</testsuite>